<?xml version="1.0" encoding="UTF-8"?>
<testsuite name="Academy Choucair" tests="1" skipped="0" failures="0" errors="0" timestamp="2021-09-01T07:50:07" hostname="LAPTOP-BTRLBBHE" time="21.877">
  <properties/>
  <testcase name="Search for automation course" classname="Academy Choucair" time="21.877"/>
  <system-out><![CDATA[Metodología BancolombiaMetodología Bancolombia]]></system-out>
  <system-err><![CDATA[[Test worker] WARN net.thucydides.core.steps.BaseStepListener - stepStarted: net.thucydides.core.steps.ExecutedStepDescription@1f87dd7e
[Test worker] WARN net.thucydides.core.steps.BaseStepListener - stepStarted: net.thucydides.core.steps.ExecutedStepDescription@68f653aa
[Test worker] WARN net.thucydides.core.steps.BaseStepListener - stepStarted: net.thucydides.core.steps.ExecutedStepDescription@30088bfb
sep 01, 2021 2:50:08 AM org.openqa.selenium.remote.DesiredCapabilities chrome
INFORMACIÓN: Using `new ChromeOptions()` is preferred to `DesiredCapabilities.chrome()`
[Test worker] INFO net.serenitybdd.core.webdriver.driverproviders.ProvideNewDriver - Instantiating driver
[Test worker] INFO net.serenitybdd.core.webdriver.driverproviders.ProvideNewDriver - Driver capabilities: Capabilities {acceptInsecureCerts: false, browserName: chrome, chrome.switches: --start-maximized, goog:chromeOptions: {args: [--start-maximized], extensions: []}, loggingPrefs: org.openqa.selenium.logging..., platform: ANY, version: }
Starting ChromeDriver 92.0.4515.107 (87a818b10553a07434ea9e2b6dccf3cbe7895134-refs/branch-heads/4515@{#1634}) on port 16831
Only local connections are allowed.
Please see https://chromedriver.chromium.org/security-considerations for suggestions on keeping ChromeDriver safe.
ChromeDriver was started successfully.
sep 01, 2021 2:50:10 AM org.openqa.selenium.remote.ProtocolHandshake createSession
INFORMACIÓN: Detected dialect: W3C
[Test worker] WARN net.thucydides.core.steps.BaseStepListener - stepFinished: current outcome:Search for automation course:Given than dwayne  wants to learn automation a the Academy Choucair [Dwayne open up [Dwayne opens the Choucair academy page]]
[Test worker] WARN net.thucydides.core.steps.BaseStepListener - stepFinished: current outcome:Search for automation course:Given than dwayne  wants to learn automation a the Academy Choucair [Dwayne open up [Dwayne opens the Choucair academy page]]
[Test worker] WARN net.thucydides.core.steps.BaseStepListener - stepStarted: net.thucydides.core.steps.ExecutedStepDescription@1909021f
[Test worker] WARN net.thucydides.core.steps.BaseStepListener - stepStarted: net.thucydides.core.steps.ExecutedStepDescription@736b1a2
[Test worker] WARN net.thucydides.core.steps.BaseStepListener - stepFinished: current outcome:Search for automation course:Given than dwayne  wants to learn automation a the Academy Choucair [Dwayne open up [Dwayne opens the Choucair academy page], Dwayne login [Dwayne clicks on button that shows us the form to login]]
[Test worker] WARN net.thucydides.core.steps.BaseStepListener - stepStarted: net.thucydides.core.steps.ExecutedStepDescription@78e039d
[Test worker] WARN net.thucydides.core.steps.BaseStepListener - stepFinished: current outcome:Search for automation course:Given than dwayne  wants to learn automation a the Academy Choucair [Dwayne open up [Dwayne opens the Choucair academy page], Dwayne login [Dwayne clicks on button that shows us the form to login, Dwayne enters '15442460' into where do we write the user]]
[Test worker] WARN net.thucydides.core.steps.BaseStepListener - stepStarted: net.thucydides.core.steps.ExecutedStepDescription@258a512a
[Test worker] WARN net.thucydides.core.steps.BaseStepListener - stepFinished: current outcome:Search for automation course:Given than dwayne  wants to learn automation a the Academy Choucair [Dwayne open up [Dwayne opens the Choucair academy page], Dwayne login [Dwayne clicks on button that shows us the form to login, Dwayne enters '15442460' into where do we write the user, Dwayne enters 'Choucair2021*' into where do we write the password]]
[Test worker] WARN net.thucydides.core.steps.BaseStepListener - stepStarted: net.thucydides.core.steps.ExecutedStepDescription@28e9ba49
[Test worker] WARN net.thucydides.core.steps.BaseStepListener - stepFinished: current outcome:Search for automation course:Given than dwayne  wants to learn automation a the Academy Choucair [Dwayne open up [Dwayne opens the Choucair academy page], Dwayne login [Dwayne clicks on button that shows us the form to login, Dwayne enters '15442460' into where do we write the user, Dwayne enters 'Choucair2021*' into where do we write the password, Dwayne clicks on button to confirm login]]
[Test worker] WARN net.thucydides.core.steps.BaseStepListener - stepFinished: current outcome:Search for automation course:Given than dwayne  wants to learn automation a the Academy Choucair [Dwayne open up [Dwayne opens the Choucair academy page], Dwayne login [Dwayne clicks on button that shows us the form to login, Dwayne enters '15442460' into where do we write the user, Dwayne enters 'Choucair2021*' into where do we write the password, Dwayne clicks on button to confirm login]]
[Test worker] WARN net.thucydides.core.steps.BaseStepListener - stepFinished: current outcome:Search for automation course:Given than dwayne  wants to learn automation a the Academy Choucair [Dwayne open up [Dwayne opens the Choucair academy page], Dwayne login [Dwayne clicks on button that shows us the form to login, Dwayne enters '15442460' into where do we write the user, Dwayne enters 'Choucair2021*' into where do we write the password, Dwayne clicks on button to confirm login]]
[Test worker] WARN net.thucydides.core.steps.BaseStepListener - stepStarted: net.thucydides.core.steps.ExecutedStepDescription@5b49fbc4
[Test worker] WARN net.thucydides.core.steps.BaseStepListener - stepStarted: net.thucydides.core.steps.ExecutedStepDescription@10a67d2e
[Test worker] WARN net.thucydides.core.steps.BaseStepListener - stepStarted: net.thucydides.core.steps.ExecutedStepDescription@1550929a
[Test worker] WARN net.thucydides.core.steps.BaseStepListener - stepFinished: current outcome:Search for automation course:Given than dwayne  wants to learn automation a the Academy Choucair [Dwayne open up [Dwayne opens the Choucair academy page], Dwayne login [Dwayne clicks on button that shows us the form to login, Dwayne enters '15442460' into where do we write the user, Dwayne enters 'Choucair2021*' into where do we write the password, Dwayne clicks on button to confirm login]], When he search for the course Metodología Bancolombia on the choucair Academy plataform [Dwayne search [Dwayne clicks on selecciona Cursos y Certificaciones]]
[Test worker] WARN net.thucydides.core.steps.BaseStepListener - stepStarted: net.thucydides.core.steps.ExecutedStepDescription@449f1a2e
[Test worker] WARN net.thucydides.core.steps.BaseStepListener - stepFinished: current outcome:Search for automation course:Given than dwayne  wants to learn automation a the Academy Choucair [Dwayne open up [Dwayne opens the Choucair academy page], Dwayne login [Dwayne clicks on button that shows us the form to login, Dwayne enters '15442460' into where do we write the user, Dwayne enters 'Choucair2021*' into where do we write the password, Dwayne clicks on button to confirm login]], When he search for the course Metodología Bancolombia on the choucair Academy plataform [Dwayne search [Dwayne clicks on selecciona Cursos y Certificaciones, Dwayne enters 'Metodología Bancolombia' into Buscar el curso]]
[Test worker] WARN net.thucydides.core.steps.BaseStepListener - stepStarted: net.thucydides.core.steps.ExecutedStepDescription@3d3ab83b
[Test worker] WARN net.thucydides.core.steps.BaseStepListener - stepFinished: current outcome:Search for automation course:Given than dwayne  wants to learn automation a the Academy Choucair [Dwayne open up [Dwayne opens the Choucair academy page], Dwayne login [Dwayne clicks on button that shows us the form to login, Dwayne enters '15442460' into where do we write the user, Dwayne enters 'Choucair2021*' into where do we write the password, Dwayne clicks on button to confirm login]], When he search for the course Metodología Bancolombia on the choucair Academy plataform [Dwayne search [Dwayne clicks on selecciona Cursos y Certificaciones, Dwayne enters 'Metodología Bancolombia' into Buscar el curso, Dwayne clicks on Da click para buscar el curso]]
[Test worker] WARN net.thucydides.core.steps.BaseStepListener - stepStarted: net.thucydides.core.steps.ExecutedStepDescription@1eb5b14d
[Test worker] WARN net.thucydides.core.steps.BaseStepListener - stepFinished: current outcome:Search for automation course:Given than dwayne  wants to learn automation a the Academy Choucair [Dwayne open up [Dwayne opens the Choucair academy page], Dwayne login [Dwayne clicks on button that shows us the form to login, Dwayne enters '15442460' into where do we write the user, Dwayne enters 'Choucair2021*' into where do we write the password, Dwayne clicks on button to confirm login]], When he search for the course Metodología Bancolombia on the choucair Academy plataform [Dwayne search [Dwayne clicks on selecciona Cursos y Certificaciones, Dwayne enters 'Metodología Bancolombia' into Buscar el curso, Dwayne clicks on Da click para buscar el curso, Dwayne clicks on Da click para ir al curso encontrado]]
[Test worker] WARN net.thucydides.core.steps.BaseStepListener - stepFinished: current outcome:Search for automation course:Given than dwayne  wants to learn automation a the Academy Choucair [Dwayne open up [Dwayne opens the Choucair academy page], Dwayne login [Dwayne clicks on button that shows us the form to login, Dwayne enters '15442460' into where do we write the user, Dwayne enters 'Choucair2021*' into where do we write the password, Dwayne clicks on button to confirm login]], When he search for the course Metodología Bancolombia on the choucair Academy plataform [Dwayne search [Dwayne clicks on selecciona Cursos y Certificaciones, Dwayne enters 'Metodología Bancolombia' into Buscar el curso, Dwayne clicks on Da click para buscar el curso, Dwayne clicks on Da click para ir al curso encontrado]]
[Test worker] WARN net.thucydides.core.steps.BaseStepListener - stepFinished: current outcome:Search for automation course:Given than dwayne  wants to learn automation a the Academy Choucair [Dwayne open up [Dwayne opens the Choucair academy page], Dwayne login [Dwayne clicks on button that shows us the form to login, Dwayne enters '15442460' into where do we write the user, Dwayne enters 'Choucair2021*' into where do we write the password, Dwayne clicks on button to confirm login]], When he search for the course Metodología Bancolombia on the choucair Academy plataform [Dwayne search [Dwayne clicks on selecciona Cursos y Certificaciones, Dwayne enters 'Metodología Bancolombia' into Buscar el curso, Dwayne clicks on Da click para buscar el curso, Dwayne clicks on Da click para ir al curso encontrado]]
[Test worker] WARN net.thucydides.core.steps.BaseStepListener - stepStarted: net.thucydides.core.steps.ExecutedStepDescription@5f527266
[Test worker] WARN net.thucydides.core.steps.BaseStepListener - stepStarted: net.thucydides.core.steps.ExecutedStepDescription@ae9a69
[Test worker] WARN net.thucydides.core.steps.BaseStepListener - stepFinished: current outcome:Search for automation course:Given than dwayne  wants to learn automation a the Academy Choucair [Dwayne open up [Dwayne opens the Choucair academy page], Dwayne login [Dwayne clicks on button that shows us the form to login, Dwayne enters '15442460' into where do we write the user, Dwayne enters 'Choucair2021*' into where do we write the password, Dwayne clicks on button to confirm login]], When he search for the course Metodología Bancolombia on the choucair Academy plataform [Dwayne search [Dwayne clicks on selecciona Cursos y Certificaciones, Dwayne enters 'Metodología Bancolombia' into Buscar el curso, Dwayne clicks on Da click para buscar el curso, Dwayne clicks on Da click para ir al curso encontrado]], Then he finds the course calles resources Metodología Bancolombia [Then answer]
[Test worker] WARN net.thucydides.core.steps.BaseStepListener - stepFinished: current outcome:Search for automation course:Given than dwayne  wants to learn automation a the Academy Choucair [Dwayne open up [Dwayne opens the Choucair academy page], Dwayne login [Dwayne clicks on button that shows us the form to login, Dwayne enters '15442460' into where do we write the user, Dwayne enters 'Choucair2021*' into where do we write the password, Dwayne clicks on button to confirm login]], When he search for the course Metodología Bancolombia on the choucair Academy plataform [Dwayne search [Dwayne clicks on selecciona Cursos y Certificaciones, Dwayne enters 'Metodología Bancolombia' into Buscar el curso, Dwayne clicks on Da click para buscar el curso, Dwayne clicks on Da click para ir al curso encontrado]], Then he finds the course calles resources Metodología Bancolombia [Then answer]
[Test worker] WARN net.thucydides.core.steps.BaseStepListener - testFinished: Search for automation course:Given than dwayne  wants to learn automation a the Academy Choucair [Dwayne open up [Dwayne opens the Choucair academy page], Dwayne login [Dwayne clicks on button that shows us the form to login, Dwayne enters '15442460' into where do we write the user, Dwayne enters 'Choucair2021*' into where do we write the password, Dwayne clicks on button to confirm login]], When he search for the course Metodología Bancolombia on the choucair Academy plataform [Dwayne search [Dwayne clicks on selecciona Cursos y Certificaciones, Dwayne enters 'Metodología Bancolombia' into Buscar el curso, Dwayne clicks on Da click para buscar el curso, Dwayne clicks on Da click para ir al curso encontrado]], Then he finds the course calles resources Metodología Bancolombia [Then answer]
[Test worker] WARN net.thucydides.core.steps.BaseStepListener - TestOutcomes: [Search for automation course:Given than dwayne  wants to learn automation a the Academy Choucair [Dwayne open up [Dwayne opens the Choucair academy page], Dwayne login [Dwayne clicks on button that shows us the form to login, Dwayne enters '15442460' into where do we write the user, Dwayne enters 'Choucair2021*' into where do we write the password, Dwayne clicks on button to confirm login]], When he search for the course Metodología Bancolombia on the choucair Academy plataform [Dwayne search [Dwayne clicks on selecciona Cursos y Certificaciones, Dwayne enters 'Metodología Bancolombia' into Buscar el curso, Dwayne clicks on Da click para buscar el curso, Dwayne clicks on Da click para ir al curso encontrado]], Then he finds the course calles resources Metodología Bancolombia [Then answer]]
[Test worker] WARN net.thucydides.core.steps.BaseStepListener - Final testOutcomes: [Search for automation course:Given than dwayne  wants to learn automation a the Academy Choucair [Dwayne open up [Dwayne opens the Choucair academy page], Dwayne login [Dwayne clicks on button that shows us the form to login, Dwayne enters '15442460' into where do we write the user, Dwayne enters 'Choucair2021*' into where do we write the password, Dwayne clicks on button to confirm login]], When he search for the course Metodología Bancolombia on the choucair Academy plataform [Dwayne search [Dwayne clicks on selecciona Cursos y Certificaciones, Dwayne enters 'Metodología Bancolombia' into Buscar el curso, Dwayne clicks on Da click para buscar el curso, Dwayne clicks on Da click para ir al curso encontrado]], Then he finds the course calles resources Metodología Bancolombia [Then answer]]
[Test worker] INFO net.thucydides.core.steps.ConsoleLoggingListener - 
        __    _____ _____ ____ _____   ____   _    ____  ____  _____ ____  
  _     \ \  |_   _| ____/ ___|_   _| |  _ \ / \  / ___|/ ___|| ____|  _ \ 
 (_)_____| |   | | |  _| \___ \ | |   | |_) / _ \ \___ \\___ \|  _| | | | |
  _|_____| |   | | | |___ ___) || |   |  __/ ___ \ ___) |___) | |___| |_| |
 (_)     | |   |_| |_____|____/ |_|   |_| /_/   \_\____/|____/|_____|____/ 
        /_/                                                                

TEST PASSED: Search for automation course
----------------------------------------------------------------------------
]]></system-err>
</testsuite>
